#
# A fatal error has been detected by the Java Runtime Environment:
#
#  EXCEPTION_ACCESS_VIOLATION (0xc0000005) at pc=0x0000000060350c86, pid=5784, tid=856
#
# JRE version: Java(TM) SE Runtime Environment (8.0_91-b15) (build 1.8.0_91-b15)
# Java VM: Java HotSpot(TM) 64-Bit Server VM (25.91-b15 mixed mode windows-amd64 compressed oops)
# Problematic frame:
# V  [jvm.dll+0x70c86]
#
# Failed to write core dump. Minidumps are not enabled by default on client versions of Windows
#
# If you would like to submit a bug report, please visit:
#   http://bugreport.java.com/bugreport/crash.jsp
#

---------------  T H R E A D  ---------------

Current thread (0x0000000058f39800):  JavaThread "C1 CompilerThread2" daemon [_thread_in_vm, id=856, stack(0x0000000059450000,0x0000000059550000)]

siginfo: ExceptionCode=0xc0000005, reading address 0x0000000000000014

Registers:
RAX=0x00000000592ccd00, RBX=0x00000000592ccd00, RCX=0x00000000020b9d20, RDX=0x0000000000000010
RSP=0x000000005954ea50, RBP=0x0000000058f39800, RSI=0x0000000000000010, RDI=0x0000000058f39800
R8 =0x00000000592ccd00, R9 =0x0000000058f39800, R10=0x000000005748c528, R11=0x000000005b9ba620
R12=0x00000000802776a0, R13=0x000000000000019d, R14=0x000000005954f760, R15=0x0000000000000000
RIP=0x0000000060350c86, EFLAGS=0x0000000000010206

Top of Stack: (sp=0x000000005954ea50)
0x000000005954ea50:   000000005b9bce00 000000005b9bb7e0
0x000000005954ea60:   0000000000000000 00000000ffffffff
0x000000005954ea70:   00000000592ccd00 0000000060359a23
0x000000005954ea80:   0000000000000000 000000006031ddda
0x000000005954ea90:   0000000000000007 0000000000000007
0x000000005954eaa0:   000000005e01c280 000000005e01c280
0x000000005954eab0:   0000000000000027 000000006031df78
0x000000005954eac0:   000000005954eb60 00000000603d5499
0x000000005954ead0:   00000000020b91a0 00000000020b91b0
0x000000005954eae0:   00000000020b91a0 0000000000000010
0x000000005954eaf0:   000000005e01ae70 000000005e01adc0
0x000000005954eb00:   000000005954ec68 00000000000000b9
0x000000005954eb10:   000000000000019d 0000000000000000
0x000000005954eb20:   000000005954ebf8 000000006030f514
0x000000005954eb30:   000000005954ebf8 0000000000000000
0x000000005954eb40:   0000000000000000 0000000000000011 

Instructions: (pc=0x0000000060350c86)
0x0000000060350c66:   83 f8 00 48 0f 44 84 24 98 00 00 00 48 89 46 10
0x0000000060350c76:   48 83 c4 58 5f 5e 5d 5b c3 cc 40 53 48 83 ec 20
0x0000000060350c86:   8b 5a 04 4d 85 c0 74 08 49 8b 10 48 85 d2 75 0a
0x0000000060350c96:   33 c0 33 c3 48 83 c4 20 5b c3 48 8b 0a 0f b6 c1 


Register to memory mapping:

RAX=0x00000000592ccd00 is an unknown value
RBX=0x00000000592ccd00 is an unknown value
RCX=0x00000000020b9d20 is an unknown value
RDX=0x0000000000000010 is an unknown value
RSP=0x000000005954ea50 is pointing into the stack for thread: 0x0000000058f39800
RBP=0x0000000058f39800 is a thread
RSI=0x0000000000000010 is an unknown value
RDI=0x0000000058f39800 is a thread
R8 =0x00000000592ccd00 is an unknown value
R9 =0x0000000058f39800 is a thread
R10=0x000000005748c528 is pointing into metadata
R11=0x000000005b9ba620 is an unknown value
R12=0x00000000802776a0 is an oop
org.gradle.internal.classloader.VisitableURLClassLoader 
 - klass: 'org/gradle/internal/classloader/VisitableURLClassLoader'
R13=0x000000000000019d is an unknown value
R14=0x000000005954f760 is pointing into the stack for thread: 0x0000000058f39800
R15=0x0000000000000000 is an unknown value


Stack: [0x0000000059450000,0x0000000059550000],  sp=0x000000005954ea50,  free space=1018k
Native frames: (J=compiled Java code, j=interpreted, Vv=VM code, C=native code)
V  [jvm.dll+0x70c86]
V  [jvm.dll+0x79a23]
V  [jvm.dll+0xf5499]
V  [jvm.dll+0x2f514]
V  [jvm.dll+0x2fecc]
V  [jvm.dll+0x300ea]
V  [jvm.dll+0x478cd]
V  [jvm.dll+0x417928]
V  [jvm.dll+0x41aba7]
V  [jvm.dll+0x41b49d]
V  [jvm.dll+0x41b892]
V  [jvm.dll+0x420985]
V  [jvm.dll+0x420a90]
V  [jvm.dll+0x40a258]
V  [jvm.dll+0x40a4c1]
V  [jvm.dll+0x40a682]
V  [jvm.dll+0x40a851]
V  [jvm.dll+0x40aa5f]
V  [jvm.dll+0xa4be2]
V  [jvm.dll+0xa551f]
V  [jvm.dll+0x243ae4]
V  [jvm.dll+0x29a99a]
C  [msvcr100.dll+0x21d9f]
C  [msvcr100.dll+0x21e3b]
C  [kernel32.dll+0x159cd]
C  [ntdll.dll+0x2a561]


Current CompileTask:
C1: 140852 8724       3       org.gradle.util.internal.CollectionUtils::collect (44 bytes)


---------------  P R O C E S S  ---------------

Java Threads: ( => current thread )
  0x000000005fb4b000 JavaThread "Cache worker for Build Output Cleanup Cache (C:\Users\Abbos\AndroidStudioProjects\FirebaseSmsChatWithMvvm\.gradle\buildOutputCleanup)" [_thread_blocked, id=6868, stack(0x00000000650c0000,0x00000000651c0000)]
  0x000000005a675800 JavaThread "Cache worker for dependencies-accessors (C:\Users\Abbos\AndroidStudioProjects\FirebaseSmsChatWithMvvm\.gradle\7.3.3\dependencies-accessors)" [_thread_blocked, id=2680, stack(0x000000005d400000,0x000000005d500000)]
  0x000000005a67a000 JavaThread "Cache worker for cache directory md-rule (C:\Users\Abbos\.gradle\caches\7.3.3\md-rule)" [_thread_blocked, id=6912, stack(0x0000000063990000,0x0000000063a90000)]
  0x000000005a674000 JavaThread "Cache worker for cache directory md-supplier (C:\Users\Abbos\.gradle\caches\7.3.3\md-supplier)" [_thread_blocked, id=6932, stack(0x0000000064f10000,0x0000000065010000)]
  0x000000005a670800 JavaThread "Cache worker for checksums cache (C:\Users\Abbos\AndroidStudioProjects\FirebaseSmsChatWithMvvm\.gradle\7.3.3\checksums)" [_thread_blocked, id=4304, stack(0x0000000062890000,0x0000000062990000)]
  0x000000005a675000 JavaThread "Cache worker for file hash cache (C:\Users\Abbos\AndroidStudioProjects\FirebaseSmsChatWithMvvm\.gradle\7.3.3\fileHashes)" [_thread_blocked, id=7040, stack(0x000000005cf80000,0x000000005d080000)]
  0x000000005a679800 JavaThread "Daemon client event forwarder" [_thread_blocked, id=336, stack(0x0000000062750000,0x0000000062850000)]
  0x000000005a67b000 JavaThread "Stdin handler" [_thread_blocked, id=2292, stack(0x0000000062370000,0x0000000062470000)]
  0x000000005a67c800 JavaThread "Asynchronous log dispatcher for DefaultDaemonConnection: socket connection from /127.0.0.1:3244 to /127.0.0.1:3382" [_thread_blocked, id=5716, stack(0x000000005daa0000,0x000000005dba0000)]
  0x000000005a67b800 JavaThread "Cancel handler" [_thread_blocked, id=2868, stack(0x000000005d080000,0x000000005d180000)]
  0x000000005a67d000 JavaThread "Handler for socket connection from /127.0.0.1:3244 to /127.0.0.1:3382" [_thread_in_native, id=500, stack(0x000000005ce80000,0x000000005cf80000)]
  0x000000005a678800 JavaThread "File lock release action executor" [_thread_blocked, id=5204, stack(0x0000000063370000,0x0000000063470000)]
  0x000000005a677000 JavaThread "Cache worker for file content cache (C:\Users\Abbos\.gradle\caches\7.3.3\fileContent)" [_thread_blocked, id=5028, stack(0x0000000063210000,0x0000000063310000)]
  0x000000005a676800 JavaThread "Cache worker for execution history cache (C:\Users\Abbos\.gradle\caches\7.3.3\executionHistory)" [_thread_blocked, id=5560, stack(0x0000000062a90000,0x0000000062b90000)]
  0x000000005a673800 JavaThread "jar transforms Thread 4" [_thread_blocked, id=3448, stack(0x00000000621d0000,0x00000000622d0000)]
  0x000000005a672800 JavaThread "jar transforms Thread 3" [_thread_blocked, id=3420, stack(0x00000000610a0000,0x00000000611a0000)]
  0x000000005a672000 JavaThread "jar transforms Thread 2" [_thread_blocked, id=824, stack(0x0000000060d80000,0x0000000060e80000)]
  0x000000005a671000 JavaThread "jar transforms" [_thread_blocked, id=5964, stack(0x0000000060f20000,0x0000000061020000)]
  0x000000005a66f800 JavaThread "Cache worker for file hash cache (C:\Users\Abbos\.gradle\caches\7.3.3\fileHashes)" [_thread_blocked, id=6708, stack(0x000000005dbb0000,0x000000005dcb0000)]
  0x000000005a66f000 JavaThread "File lock request listener" [_thread_in_native, id=6680, stack(0x000000005cd80000,0x000000005ce80000)]
  0x000000005a66e000 JavaThread "Cache worker for journal cache (C:\Users\Abbos\.gradle\caches\journal-1)" [_thread_blocked, id=1500, stack(0x000000005d1f0000,0x000000005d2f0000)]
  0x000000005b528800 JavaThread "Daemon worker" [_thread_blocked, id=5564, stack(0x000000005d300000,0x000000005d400000)]
  0x000000005b487800 JavaThread "Daemon" [_thread_blocked, id=2348, stack(0x000000005cc70000,0x000000005cd70000)]
  0x000000005b47e800 JavaThread "Daemon periodic checks" [_thread_blocked, id=6608, stack(0x000000005c880000,0x000000005c980000)]
  0x000000005b44c800 JavaThread "Incoming local TCP Connector on port 3244" [_thread_in_native, id=5644, stack(0x000000005c6d0000,0x000000005c7d0000)]
  0x000000005b4a6800 JavaThread "Daemon health stats" [_thread_blocked, id=5656, stack(0x000000005c330000,0x000000005c430000)]
  0x0000000058fbb000 JavaThread "Service Thread" daemon [_thread_blocked, id=4932, stack(0x0000000059650000,0x0000000059750000)]
=>0x0000000058f39800 JavaThread "C1 CompilerThread2" daemon [_thread_in_vm, id=856, stack(0x0000000059450000,0x0000000059550000)]
  0x0000000058f37800 JavaThread "C2 CompilerThread1" daemon [_thread_blocked, id=4768, stack(0x00000000587b0000,0x00000000588b0000)]
  0x0000000058f30800 JavaThread "C2 CompilerThread0" daemon [_thread_blocked, id=5408, stack(0x0000000058c00000,0x0000000058d00000)]
  0x00000000577f6800 JavaThread "Attach Listener" daemon [_thread_blocked, id=4440, stack(0x0000000058e30000,0x0000000058f30000)]
  0x00000000577fe800 JavaThread "Signal Dispatcher" daemon [_thread_blocked, id=6616, stack(0x0000000058d00000,0x0000000058e00000)]
  0x00000000577d9000 JavaThread "Finalizer" daemon [_thread_blocked, id=3476, stack(0x0000000058a90000,0x0000000058b90000)]
  0x0000000057791800 JavaThread "Reference Handler" daemon [_thread_blocked, id=748, stack(0x00000000588d0000,0x00000000589d0000)]
  0x000000000219d800 JavaThread "main" [_thread_blocked, id=6704, stack(0x00000000023a0000,0x00000000024a0000)]

Other Threads:
  0x000000005778a000 VMThread [stack: 0x00000000586a0000,0x00000000587a0000] [id=6772]
  0x0000000058fc2000 WatcherThread [stack: 0x00000000597e0000,0x00000000598e0000] [id=5084]

VM state:synchronizing (normal execution)

VM Mutex/Monitor currently owned by a thread:  ([mutex/lock_event])
[0x000000000219bf80] Threads_lock - owner thread: 0x000000005778a000

Heap:
 PSYoungGen      total 229888K, used 103764K [0x00000000d5580000, 0x00000000e7a80000, 0x0000000100000000)
  eden space 212480K, 44% used [0x00000000d5580000,0x00000000db206808,0x00000000e2500000)
  from space 17408K, 51% used [0x00000000e2500000,0x00000000e2dce900,0x00000000e3600000)
  to   space 16896K, 0% used [0x00000000e6a00000,0x00000000e6a00000,0x00000000e7a80000)
 ParOldGen       total 89600K, used 26192K [0x0000000080000000, 0x0000000085780000, 0x00000000d5580000)
  object space 89600K, 29% used [0x0000000080000000,0x0000000081994320,0x0000000085780000)
 Metaspace       used 49143K, capacity 51992K, committed 52352K, reserved 1093632K
  class space    used 6631K, capacity 7188K, committed 7296K, reserved 1048576K

Card table byte_map: [0x0000000011b30000,0x0000000011f40000] byte_map_base: 0x0000000011730000

Marking Bits: (ParMarkBitMap*) 0x0000000060af2f70
 Begin Bits: [0x0000000012a00000, 0x0000000014a00000)
 End Bits:   [0x0000000014a00000, 0x0000000016a00000)

Polling page: 0x0000000001c60000

CodeCache: size=245760Kb used=23315Kb max_used=23328Kb free=222444Kb
 bounds [0x0000000002770000, 0x0000000003e70000, 0x0000000011770000]
 total_blobs=8189 nmethods=7439 adapters=662
 compilation: enabled

Compilation events (10 events):
Event: 140.700 Thread 0x0000000058f39800 8721       3       java.lang.invoke.LambdaFormEditor$Transform::packedBytes (39 bytes)
Event: 140.701 Thread 0x0000000058f39800 nmethod 8721 0x0000000003339b50 code [0x0000000003339ca0, 0x0000000003339df0]
Event: 140.701 Thread 0x0000000058f39800 8722       1       org.gradle.internal.logging.events.ProgressStartEvent::getStatus (5 bytes)
Event: 140.701 Thread 0x0000000058f39800 nmethod 8722 0x0000000003339890 code [0x00000000033399e0, 0x0000000003339af0]
Event: 140.701 Thread 0x0000000058f39800 8724       3       org.gradle.util.internal.CollectionUtils::collect (44 bytes)
Event: 140.702 Thread 0x0000000058f37800 8725       4       java.util.stream.Sink$ChainedReference::begin (11 bytes)
Event: 140.703 Thread 0x0000000058f37800 nmethod 8725 0x00000000033403d0 code [0x0000000003340520, 0x00000000033405f8]
Event: 140.711 Thread 0x0000000058f37800 8726       4       java.util.stream.Sink$ChainedReference::end (10 bytes)
Event: 140.712 Thread 0x0000000058f37800 nmethod 8726 0x000000000323b110 code [0x000000000323b240, 0x000000000323b2b8]
Event: 140.714 Thread 0x0000000058f37800 8727       4       org.gradle.api.internal.attributes.DefaultAttributesSchema$MergedSchema::matchValue (138 bytes)

GC Heap History (10 events):
Event: 38.189 GC heap before
{Heap before GC invocations=9 (full 2):
 PSYoungGen      total 138752K, used 12283K [0x00000000d5580000, 0x00000000e1300000, 0x0000000100000000)
  eden space 126464K, 0% used [0x00000000d5580000,0x00000000d5580000,0x00000000dd100000)
  from space 12288K, 99% used [0x00000000dd100000,0x00000000ddcfef98,0x00000000ddd00000)
  to   space 14336K, 0% used [0x00000000e0500000,0x00000000e0500000,0x00000000e1300000)
 ParOldGen       total 64000K, used 11295K [0x0000000080000000, 0x0000000083e80000, 0x00000000d5580000)
  object space 64000K, 17% used [0x0000000080000000,0x0000000080b07d38,0x0000000083e80000)
 Metaspace       used 33843K, capacity 35378K, committed 35496K, reserved 1079296K
  class space    used 4770K, capacity 5103K, committed 5120K, reserved 1048576K
Event: 38.344 GC heap after
Heap after GC invocations=9 (full 2):
 PSYoungGen      total 138752K, used 0K [0x00000000d5580000, 0x00000000e1300000, 0x0000000100000000)
  eden space 126464K, 0% used [0x00000000d5580000,0x00000000d5580000,0x00000000dd100000)
  from space 12288K, 0% used [0x00000000dd100000,0x00000000dd100000,0x00000000ddd00000)
  to   space 14336K, 0% used [0x00000000e0500000,0x00000000e0500000,0x00000000e1300000)
 ParOldGen       total 89600K, used 19436K [0x0000000080000000, 0x0000000085780000, 0x00000000d5580000)
  object space 89600K, 21% used [0x0000000080000000,0x00000000812fb230,0x0000000085780000)
 Metaspace       used 33839K, capacity 35368K, committed 35496K, reserved 1079296K
  class space    used 4769K, capacity 5100K, committed 5120K, reserved 1048576K
}
Event: 42.371 GC heap before
{Heap before GC invocations=10 (full 2):
 PSYoungGen      total 138752K, used 126464K [0x00000000d5580000, 0x00000000e1300000, 0x0000000100000000)
  eden space 126464K, 100% used [0x00000000d5580000,0x00000000dd100000,0x00000000dd100000)
  from space 12288K, 0% used [0x00000000dd100000,0x00000000dd100000,0x00000000ddd00000)
  to   space 14336K, 0% used [0x00000000e0500000,0x00000000e0500000,0x00000000e1300000)
 ParOldGen       total 89600K, used 19436K [0x0000000080000000, 0x0000000085780000, 0x00000000d5580000)
  object space 89600K, 21% used [0x0000000080000000,0x00000000812fb230,0x0000000085780000)
 Metaspace       used 40026K, capacity 42040K, committed 42240K, reserved 1085440K
  class space    used 5652K, capacity 6074K, committed 6144K, reserved 1048576K
Event: 42.386 GC heap after
Heap after GC invocations=10 (full 2):
 PSYoungGen      total 179200K, used 10073K [0x00000000d5580000, 0x00000000e3400000, 0x0000000100000000)
  eden space 164864K, 0% used [0x00000000d5580000,0x00000000d5580000,0x00000000df680000)
  from space 14336K, 70% used [0x00000000e0500000,0x00000000e0ed64f8,0x00000000e1300000)
  to   space 14848K, 0% used [0x00000000df680000,0x00000000df680000,0x00000000e0500000)
 ParOldGen       total 89600K, used 19444K [0x0000000080000000, 0x0000000085780000, 0x00000000d5580000)
  object space 89600K, 21% used [0x0000000080000000,0x00000000812fd230,0x0000000085780000)
 Metaspace       used 40026K, capacity 42040K, committed 42240K, reserved 1085440K
  class space    used 5652K, capacity 6074K, committed 6144K, reserved 1048576K
}
Event: 93.018 GC heap before
{Heap before GC invocations=11 (full 2):
 PSYoungGen      total 179200K, used 174937K [0x00000000d5580000, 0x00000000e3400000, 0x0000000100000000)
  eden space 164864K, 100% used [0x00000000d5580000,0x00000000df680000,0x00000000df680000)
  from space 14336K, 70% used [0x00000000e0500000,0x00000000e0ed64f8,0x00000000e1300000)
  to   space 14848K, 0% used [0x00000000df680000,0x00000000df680000,0x00000000e0500000)
 ParOldGen       total 89600K, used 19444K [0x0000000080000000, 0x0000000085780000, 0x00000000d5580000)
  object space 89600K, 21% used [0x0000000080000000,0x00000000812fd230,0x0000000085780000)
 Metaspace       used 47575K, capacity 50006K, committed 50176K, reserved 1091584K
  class space    used 6569K, capacity 7083K, committed 7168K, reserved 1048576K
Event: 93.070 GC heap after
Heap after GC invocations=11 (full 2):
 PSYoungGen      total 179712K, used 14843K [0x00000000d5580000, 0x00000000e4a80000, 0x0000000100000000)
  eden space 164864K, 0% used [0x00000000d5580000,0x00000000d5580000,0x00000000df680000)
  from space 14848K, 99% used [0x00000000df680000,0x00000000e04fef70,0x00000000e0500000)
  to   space 17920K, 0% used [0x00000000e3900000,0x00000000e3900000,0x00000000e4a80000)
 ParOldGen       total 89600K, used 22378K [0x0000000080000000, 0x0000000085780000, 0x00000000d5580000)
  object space 89600K, 24% used [0x0000000080000000,0x00000000815dabe0,0x0000000085780000)
 Metaspace       used 47575K, capacity 50006K, committed 50176K, reserved 1091584K
  class space    used 6569K, capacity 7083K, committed 7168K, reserved 1048576K
}
Event: 102.000 GC heap before
{Heap before GC invocations=12 (full 2):
 PSYoungGen      total 179712K, used 179707K [0x00000000d5580000, 0x00000000e4a80000, 0x0000000100000000)
  eden space 164864K, 100% used [0x00000000d5580000,0x00000000df680000,0x00000000df680000)
  from space 14848K, 99% used [0x00000000df680000,0x00000000e04fef70,0x00000000e0500000)
  to   space 17920K, 0% used [0x00000000e3900000,0x00000000e3900000,0x00000000e4a80000)
 ParOldGen       total 89600K, used 22378K [0x0000000080000000, 0x0000000085780000, 0x00000000d5580000)
  object space 89600K, 24% used [0x0000000080000000,0x00000000815dabe0,0x0000000085780000)
 Metaspace       used 48484K, capacity 51122K, committed 51200K, reserved 1093632K
  class space    used 6606K, capacity 7143K, committed 7168K, reserved 1048576K
Event: 102.042 GC heap after
Heap after GC invocations=12 (full 2):
 PSYoungGen      total 226816K, used 7530K [0x00000000d5580000, 0x00000000e4700000, 0x0000000100000000)
  eden space 212480K, 0% used [0x00000000d5580000,0x00000000d5580000,0x00000000e2500000)
  from space 14336K, 52% used [0x00000000e3900000,0x00000000e405a8f0,0x00000000e4700000)
  to   space 17408K, 0% used [0x00000000e2500000,0x00000000e2500000,0x00000000e3600000)
 ParOldGen       total 89600K, used 26184K [0x0000000080000000, 0x0000000085780000, 0x00000000d5580000)
  object space 89600K, 29% used [0x0000000080000000,0x0000000081992320,0x0000000085780000)
 Metaspace       used 48484K, capacity 51122K, committed 51200K, reserved 1093632K
  class space    used 6606K, capacity 7143K, committed 7168K, reserved 1048576K
}
Event: 129.628 GC heap before
{Heap before GC invocations=13 (full 2):
 PSYoungGen      total 226816K, used 220010K [0x00000000d5580000, 0x00000000e4700000, 0x0000000100000000)
  eden space 212480K, 100% used [0x00000000d5580000,0x00000000e2500000,0x00000000e2500000)
  from space 14336K, 52% used [0x00000000e3900000,0x00000000e405a8f0,0x00000000e4700000)
  to   space 17408K, 0% used [0x00000000e2500000,0x00000000e2500000,0x00000000e3600000)
 ParOldGen       total 89600K, used 26184K [0x0000000080000000, 0x0000000085780000, 0x00000000d5580000)
  object space 89600K, 29% used [0x0000000080000000,0x0000000081992320,0x0000000085780000)
 Metaspace       used 49047K, capacity 51856K, committed 52096K, reserved 1093632K
  class space    used 6631K, capacity 7188K, committed 7296K, reserved 1048576K
Event: 129.662 GC heap after
Heap after GC invocations=13 (full 2):
 PSYoungGen      total 229888K, used 9018K [0x00000000d5580000, 0x00000000e7a80000, 0x0000000100000000)
  eden space 212480K, 0% used [0x00000000d5580000,0x00000000d5580000,0x00000000e2500000)
  from space 17408K, 51% used [0x00000000e2500000,0x00000000e2dce900,0x00000000e3600000)
  to   space 16896K, 0% used [0x00000000e6a00000,0x00000000e6a00000,0x00000000e7a80000)
 ParOldGen       total 89600K, used 26192K [0x0000000080000000, 0x0000000085780000, 0x00000000d5580000)
  object space 89600K, 29% used [0x0000000080000000,0x0000000081994320,0x0000000085780000)
 Metaspace       used 49047K, capacity 51856K, committed 52096K, reserved 1093632K
  class space    used 6631K, capacity 7188K, committed 7296K, reserved 1048576K
}

Deoptimization events (10 events):
Event: 107.298 Thread 0x000000005b528800 Uncommon trap: reason=bimorphic action=maybe_recompile pc=0x0000000003c7a3d8 method=com.google.common.base.Equivalence$Equals.doEquivalent(Ljava/lang/Object;Ljava/lang/Object;)Z @ 2
Event: 107.298 Thread 0x000000005b528800 Uncommon trap: reason=bimorphic action=maybe_recompile pc=0x0000000003c7a3d8 method=com.google.common.base.Equivalence$Equals.doEquivalent(Ljava/lang/Object;Ljava/lang/Object;)Z @ 2
Event: 107.301 Thread 0x000000005b528800 Uncommon trap: reason=predicate action=maybe_recompile pc=0x0000000003396f1c method=com.google.common.collect.RegularImmutableMap.fromEntryArray(I[Ljava/util/Map$Entry;)Lcom/google/common/collect/ImmutableMap; @ 62
Event: 107.378 Thread 0x000000005b528800 Uncommon trap: reason=array_check action=maybe_recompile pc=0x0000000002d79800 method=com.google.common.collect.RegularImmutableMap.fromEntryArray(I[Ljava/util/Map$Entry;)Lcom/google/common/collect/ImmutableMap; @ 157
Event: 107.379 Thread 0x000000005b528800 Uncommon trap: reason=array_check action=maybe_recompile pc=0x0000000002d79800 method=com.google.common.collect.RegularImmutableMap.fromEntryArray(I[Ljava/util/Map$Entry;)Lcom/google/common/collect/ImmutableMap; @ 157
Event: 107.379 Thread 0x000000005b528800 Uncommon trap: reason=array_check action=maybe_recompile pc=0x0000000002d79800 method=com.google.common.collect.RegularImmutableMap.fromEntryArray(I[Ljava/util/Map$Entry;)Lcom/google/common/collect/ImmutableMap; @ 157
Event: 107.379 Thread 0x000000005b528800 Uncommon trap: reason=array_check action=maybe_recompile pc=0x0000000002d79800 method=com.google.common.collect.RegularImmutableMap.fromEntryArray(I[Ljava/util/Map$Entry;)Lcom/google/common/collect/ImmutableMap; @ 157
Event: 130.038 Thread 0x000000005a678800 Uncommon trap: reason=null_check action=make_not_entrant pc=0x0000000003b5e998 method=java.lang.ThreadLocal$ThreadLocalMap.getEntryAfterMiss(Ljava/lang/ThreadLocal;ILjava/lang/ThreadLocal$ThreadLocalMap$Entry;)Ljava/lang/ThreadLocal$ThreadLocalMap$Entry; @œr;`d`@
Event: 131.127 Thread 0x000000005fb4f800 Uncommon trap: reason=unstable_if action=reinterpret pc=0x0000000003d34164 method=java.util.concurrent.ArrayBlockingQueue.enqueue(Ljava/lang/Object;)V @ 25
Event: 131.127 Thread 0x000000005a66e000 Uncommon trap: reason=unstable_if action=reinterpret pc=0x0000000003d506cc method=java.util.concurrent.ArrayBlockingQueue.dequeue()Ljava/lang/Object; @ 32

Internal exceptions (10 events):
Event: 45.635 Thread 0x000000005b528800 Exception <a 'java/lang/ClassNotFoundException': org/gradle/api/internal/plugins/DefaultObjectConfigurationActionBeanInfo> (0x00000000d90de720) thrown at [C:\re\workspace\8-2-build-windows-amd64-cygwin\jdk8u91\7017\hotspot\src\share\vm\classfile\systemDictçC›Gn—F@
Event: 45.636 Thread 0x000000005b528800 Exception <a 'java/lang/ClassNotFoundException': org/gradle/api/internal/plugins/DefaultObjectConfigurationActionCustomizer> (0x00000000d9137678) thrown at [C:\re\workspace\8-2-build-windows-amd64-cygwin\jdk8u91\7017\hotspot\src\share\vm\classfile\systemDiÌ†o¯H@
Event: 48.070 Thread 0x000000005b487800 Exception <a 'java/lang/NoSuchMethodError': <clinit>> (0x00000000dcca99f0) thrown at [C:\re\workspace\8-2-build-windows-amd64-cygwin\jdk8u91\7017\hotspot\src\share\vm\prims\jni.cpp, line 1613]
Event: 48.071 Thread 0x000000005b487800 Exception <a 'java/lang/NoSuchMethodError': <clinit>> (0x00000000dccb4e00) thrown at [C:\re\workspace\8-2-build-windows-amd64-cygwin\jdk8u91\7017\hotspot\src\share\vm\prims\jni.cpp, line 1613]
Event: 48.083 Thread 0x000000005b487800 Exception <a 'java/lang/NoSuchMethodError': <clinit>> (0x00000000dcccdda0) thrown at [C:\re\workspace\8-2-build-windows-amd64-cygwin\jdk8u91\7017\hotspot\src\share\vm\prims\jni.cpp, line 1613]
Event: 48.092 Thread 0x000000005b487800 Exception <a 'java/lang/NoSuchMethodError': <clinit>> (0x00000000dcce5e18) thrown at [C:\re\workspace\8-2-build-windows-amd64-cygwin\jdk8u91\7017\hotspot\src\share\vm\prims\jni.cpp, line 1613]
Event: 48.095 Thread 0x000000005b487800 Exception <a 'java/lang/NoSuchMethodError': <clinit>> (0x00000000dccfe990) thrown at [C:\re\workspace\8-2-build-windows-amd64-cygwin\jdk8u91\7017\hotspot\src\share\vm\prims\jni.cpp, line 1613]
Event: 91.331 Thread 0x000000005b528800 Implicit null exception at 0x0000000002e9489f to 0x0000000002e94da2
Event: 102.094 Thread 0x000000005b528800 Implicit null exception at 0x00000000032a2827 to 0x00000000032a2cd5
Event: 130.038 Thread 0x000000005a678800 Implicit null exception at 0x0000000003b5dab7 to 0x0000000003b5e971

Events (10 events):
Event: 140.632 Thread 0x0000000058f39800 flushing nmethod 0x0000000003341c50
Event: 140.632 Thread 0x0000000058f39800 flushing nmethod 0x0000000003344d90
Event: 140.632 Thread 0x0000000058f39800 flushing nmethod 0x000000000334e650
Event: 140.632 Thread 0x0000000058f39800 flushing nmethod 0x00000000033698d0
Event: 140.632 Thread 0x0000000058f39800 flushing nmethod 0x000000000337ea10
Event: 140.632 Thread 0x0000000058f39800 flushing nmethod 0x0000000003380b10
Event: 140.632 Thread 0x0000000058f39800 flushing nmethod 0x0000000003381450
Event: 140.635 Thread 0x0000000058f39800 flushing nmethod 0x000000000369bad0
Event: 140.635 Thread 0x0000000058f39800 flushing nmethod 0x00000000036b7c10
Event: 140.698 Thread 0x000000005fb4b000 Thread added: 0x000000005fb4b000


Dynamic libraries:
0x000000013fcd0000 - 0x000000013fd07000 	C:\Program Files\Java\jdk1.8.0_91\bin\java.exe
0x00000000773e0000 - 0x000000007758a000 	C:\Windows\SYSTEM32\ntdll.dll
0x00000000772c0000 - 0x00000000773df000 	C:\Windows\system32\kernel32.dll
0x000007fefd430000 - 0x000007fefd49a000 	C:\Windows\system32\KERNELBASE.dll
0x000007fefd580000 - 0x000007fefd65b000 	C:\Windows\system32\ADVAPI32.dll
0x000007fefdc70000 - 0x000007fefdd0f000 	C:\Windows\system32\msvcrt.dll
0x000007fefd660000 - 0x000007fefd67f000 	C:\Windows\SYSTEM32\sechost.dll
0x000007fefd810000 - 0x000007fefd93d000 	C:\Windows\system32\RPCRT4.dll
0x00000000771c0000 - 0x00000000772ba000 	C:\Windows\system32\USER32.dll
0x000007fefe270000 - 0x000007fefe2d7000 	C:\Windows\system32\GDI32.dll
0x000007fefdd10000 - 0x000007fefdd1e000 	C:\Windows\system32\LPK.dll
0x000007fefe1a0000 - 0x000007fefe26a000 	C:\Windows\system32\USP10.dll
0x000007fefbb20000 - 0x000007fefbd14000 	C:\Windows\WinSxS\amd64_microsoft.windows.common-controls_6595b64144ccf1df_6.0.7601.18837_none_fa3b1e3d17594757\COMCTL32.dll
0x000007fefd680000 - 0x000007fefd6f1000 	C:\Windows\system32\SHLWAPI.dll
0x000007feff5e0000 - 0x000007feff60e000 	C:\Windows\system32\IMM32.DLL
0x000007fefd700000 - 0x000007fefd809000 	C:\Windows\system32\MSCTF.dll
0x0000000060b80000 - 0x0000000060c52000 	C:\Program Files\Java\jdk1.8.0_91\jre\bin\msvcr100.dll
0x00000000602e0000 - 0x0000000060b73000 	C:\Program Files\Java\jdk1.8.0_91\jre\bin\server\jvm.dll
0x000007fef74f0000 - 0x000007fef74f9000 	C:\Windows\system32\WSOCK32.dll
0x000007fefdc20000 - 0x000007fefdc6d000 	C:\Windows\system32\WS2_32.dll
0x000007feff610000 - 0x000007feff618000 	C:\Windows\system32\NSI.dll
0x000007fefa260000 - 0x000007fefa29b000 	C:\Windows\system32\WINMM.dll
0x000007fefc1b0000 - 0x000007fefc1bc000 	C:\Windows\system32\VERSION.dll
0x00000000775b0000 - 0x00000000775b7000 	C:\Windows\system32\PSAPI.DLL
0x0000000060f00000 - 0x0000000060f0f000 	C:\Program Files\Java\jdk1.8.0_91\jre\bin\verify.dll
0x0000000060d10000 - 0x0000000060d39000 	C:\Program Files\Java\jdk1.8.0_91\jre\bin\java.dll
0x0000000060ed0000 - 0x0000000060ee6000 	C:\Program Files\Java\jdk1.8.0_91\jre\bin\zip.dll
0x000007fefe460000 - 0x000007feff1ea000 	C:\Windows\system32\SHELL32.dll
0x000007feff3d0000 - 0x000007feff5d3000 	C:\Windows\system32\ole32.dll
0x000007fefd0f0000 - 0x000007fefd0ff000 	C:\Windows\system32\profapi.dll
0x0000000060eb0000 - 0x0000000060eca000 	C:\Program Files\Java\jdk1.8.0_91\jre\bin\net.dll
0x000007fefc880000 - 0x000007fefc8d5000 	C:\Windows\system32\mswsock.dll
0x000007fefc870000 - 0x000007fefc877000 	C:\Windows\System32\wship6.dll
0x0000000060cf0000 - 0x0000000060d01000 	C:\Program Files\Java\jdk1.8.0_91\jre\bin\nio.dll
0x000007fee7640000 - 0x000007fee7667000 	C:\Users\Abbos\.gradle\native\e1d6ef7f7dcc3fd88c89a11ec53ec762bb8ba0a96d01ffa2cd45eb1d1d8dd5c5\windows-amd64\native-platform.dll
0x000007fefa800000 - 0x000007fefa803000 	C:\Windows\system32\api-ms-win-core-synch-l1-2-0.DLL
0x0000000060f10000 - 0x0000000060f1d000 	C:\Program Files\Java\jdk1.8.0_91\jre\bin\management.dll
0x000007fefc8e0000 - 0x000007fefc8f8000 	C:\Windows\system32\CRYPTSP.dll
0x000007fefc5e0000 - 0x000007fefc627000 	C:\Windows\system32\rsaenh.dll
0x000007fefd400000 - 0x000007fefd41e000 	C:\Windows\system32\USERENV.dll
0x000007fefcf40000 - 0x000007fefcf4f000 	C:\Windows\system32\CRYPTBASE.dll
0x000007fefa940000 - 0x000007fefa967000 	C:\Windows\system32\IPHLPAPI.DLL
0x000007fefa930000 - 0x000007fefa93b000 	C:\Windows\system32\WINNSI.DLL
0x000007fefa240000 - 0x000007fefa251000 	C:\Windows\system32\dhcpcsvc6.DLL
0x000007fefa220000 - 0x000007fefa238000 	C:\Windows\system32\dhcpcsvc.DLL
0x000007feee330000 - 0x000007feee455000 	C:\Windows\system32\dbghelp.dll

VM Arguments:
jvm_args: -Xmx2048m -Dfile.encoding=UTF-8 -Duser.country=RU -Duser.language=ru -Duser.variant 
java_command: org.gradle.launcher.daemon.bootstrap.GradleDaemon 7.3.3
java_class_path (initial): C:\Users\Abbos\.gradle\wrapper\dists\gradle-7.3.3-bin\6a41zxkdtcxs8rphpq6y0069z\gradle-7.3.3\lib\gradle-launcher-7.3.3.jar
Launcher Type: SUN_STANDARD

Environment Variables:
JAVA_HOME=C:\Program Files\Java\jdk1.8.0_91
PATH=C:\ProgramData\Oracle\Java\javapath;C:\Windows\system32;C:\Windows;C:\Windows\System32\Wbem;C:\Windows\System32\WindowsPowerShell\v1.0\;C:\Program Files\Git\cmd
USERNAME=Abbos
OS=Windows_NT
PROCESSOR_IDENTIFIER=Intel64 Family 6 Model 42 Stepping 7, GenuineIntel



---------------  S Y S T E M  ---------------

OS: Windows 7 , 64 bit Build 7601 (6.1.7601.23569)

CPU:total 4 (2 cores per cpu, 2 threads per core) family 6 model 42 stepping 7, cmov, cx8, fxsr, mmx, sse, sse2, sse3, ssse3, sse4.1, sse4.2, popcnt, avx, clmul, ht, tsc, tscinvbit

Memory: 4k page, physical 8352640k(151048k free), swap 16703420k(6601784k free)

vm_info: Java HotSpot(TM) 64-Bit Server VM (25.91-b15) for windows-amd64 JRE (1.8.0_91-b15), built on May 20 2016 17:43:15 by "java_re" with MS VC++ 10.0 (VS2010)

time: Sat Dec 03 01:09:36 2022
elapsed time: 140 seconds (0d 0h 2m 20s)

