#
# A fatal error has been detected by the Java Runtime Environment:
#
#  EXCEPTION_ACCESS_VIOLATION (0xc0000005) at pc=0x000000005c887b7a, pid=5436, tid=1244
#
# JRE version: Java(TM) SE Runtime Environment (8.0_91-b15) (build 1.8.0_91-b15)
# Java VM: Java HotSpot(TM) 64-Bit Server VM (25.91-b15 mixed mode windows-amd64 compressed oops)
# Problematic frame:
# V  [jvm.dll+0x107b7a]
#
# Failed to write core dump. Minidumps are not enabled by default on client versions of Windows
#
# If you would like to submit a bug report, please visit:
#   http://bugreport.java.com/bugreport/crash.jsp
#

---------------  T H R E A D  ---------------

Current thread (0x0000000058e3a000):  JavaThread "C2 CompilerThread1" daemon [_thread_in_vm, id=1244, stack(0x0000000059550000,0x0000000059650000)]

siginfo: ExceptionCode=0xc0000005, reading address 0x000000025e6dc1f8

Registers:
RAX=0x000000003f827ecb, RBX=0x000000006259cb98, RCX=0x000000006259cb98, RDX=0x00000000022305e0
RSP=0x000000005964c8f8, RBP=0x0000000000000002, RSI=0x00000000022305e0, RDI=0x000000005a71c1d0
R8 =0x000000003f827ecb, R9 =0x000000007f04fd96, R10=0x0000000000000000, R11=0x00000000022305e0
R12=0x000000005b4e6a90, R13=0x000000005964e6f0, R14=0x0000000058e3a000, R15=0x000000005d306630
RIP=0x000000005c887b7a, EFLAGS=0x0000000000010202

Top of Stack: (sp=0x000000005964c8f8)
0x000000005964c8f8:   000000005c88da9d 000000006259cb98
0x000000005964c908:   000000005c83c3d0 0000000000000000
0x000000005964c918:   000000005c7c5289 000000005964ccd0
0x000000005964c928:   000000005c8136c6 0000000017170a60
0x000000005964c938:   0000000000000002 000000005a71c1d0
0x000000005964c948:   000000005c83ca37 000000005964ccd0
0x000000005964c958:   000000005c813903 0000000017170a60
0x000000005964c968:   000000005964cb90 00000000021e91a0
0x000000005964c978:   000000005c981aee 000000001715fad0
0x000000005964c988:   0000000016f7e2a0 000000001743c758
0x000000005964c998:   0000000000000000 0000000058e3a000
0x000000005964c9a8:   000000005964cb00 000000005964ca70
0x000000005964c9b8:   000000005c83c4ec 000000005964cc40
0x000000005964c9c8:   000000005964ca70 000000005a71c1d0
0x000000005964c9d8:   00000000022305e0 000000005f4b55f0
0x000000005964c9e8:   000000005f4bbf88 0000000000010388 

Instructions: (pc=0x000000005c887b7a)
0x000000005c887b5a:   d2 4c 8b da 41 ff c9 48 8b d9 78 4c 66 66 0f 1f
0x000000005c887b6a:   84 00 00 00 00 00 47 8d 04 11 41 d1 f8 49 63 c0
0x000000005c887b7a:   48 8b 4c c3 08 48 8b 41 08 0f b7 48 22 48 8b 40
0x000000005c887b8a:   08 48 8b 54 c8 50 49 3b d3 72 14 33 c0 49 3b d3 


Register to memory mapping:

RAX=0x000000003f827ecb is an unknown value
RBX=0x000000006259cb98 is pointing into metadata
RCX=0x000000006259cb98 is pointing into metadata
RDX=0x00000000022305e0 is an unknown value
RSP=0x000000005964c8f8 is pointing into the stack for thread: 0x0000000058e3a000
RBP=0x0000000000000002 is an unknown value
RSI=0x00000000022305e0 is an unknown value
RDI=0x000000005a71c1d0 is an unknown value
R8 =0x000000003f827ecb is an unknown value
R9 =0x000000007f04fd96 is an unknown value
R10=0x0000000000000000 is an unknown value
R11=0x00000000022305e0 is an unknown value
R12=0x000000005b4e6a90 is an unknown value
R13=0x000000005964e6f0 is pointing into the stack for thread: 0x0000000058e3a000
R14=0x0000000058e3a000 is a thread
R15=0x000000005d306630 is an unknown value


Stack: [0x0000000059550000,0x0000000059650000],  sp=0x000000005964c8f8,  free space=1010k
Native frames: (J=compiled Java code, j=interpreted, Vv=VM code, C=native code)
V  [jvm.dll+0x107b7a]
V  [jvm.dll+0x10da9d]
V  [jvm.dll+0x936c6]
V  [jvm.dll+0x93903]
V  [jvm.dll+0x945b9]
V  [jvm.dll+0x3d10b]
V  [jvm.dll+0x4796a4]
V  [jvm.dll+0x47aa74]
V  [jvm.dll+0x502db7]
V  [jvm.dll+0x4fb937]
V  [jvm.dll+0x4fbcb9]
V  [jvm.dll+0x4fc24f]
V  [jvm.dll+0x455bf0]
V  [jvm.dll+0x4562ed]
V  [jvm.dll+0x47ab96]
V  [jvm.dll+0x502db7]
V  [jvm.dll+0x4fb937]
V  [jvm.dll+0x4fbcb9]
V  [jvm.dll+0x4fc24f]
V  [jvm.dll+0x455bf0]
V  [jvm.dll+0x47ab96]
V  [jvm.dll+0x502db7]
V  [jvm.dll+0x4fb937]
V  [jvm.dll+0x4fbcb9]
V  [jvm.dll+0x4fc24f]
V  [jvm.dll+0x455bf0]
V  [jvm.dll+0x4718e5]
V  [jvm.dll+0x454ce2]
V  [jvm.dll+0xa4be2]
V  [jvm.dll+0xa551f]
V  [jvm.dll+0x243ae4]
V  [jvm.dll+0x29a99a]
C  [msvcr100.dll+0x21d9f]
C  [msvcr100.dll+0x21e3b]
C  [kernel32.dll+0x159cd]
C  [ntdll.dll+0x2a561]


Current CompileTask:
C2: 898693 11547       4       org.gradle.internal.component.model.ComponentAttributeMatcher::match (259 bytes)


---------------  P R O C E S S  ---------------

Java Threads: ( => current thread )
  0x000000005d71f000 JavaThread "Unconstrained build operations Thread 40" [_thread_new, id=6804, stack(0x0000000000000000,0x0000000000000000)]
  0x000000005d71e000 JavaThread "Unconstrained build operations Thread 39" [_thread_blocked, id=6156, stack(0x0000000069e10000,0x0000000069f10000)]
  0x000000005d71d800 JavaThread "Unconstrained build operations Thread 38" [_thread_blocked, id=6548, stack(0x0000000067040000,0x0000000067140000)]
  0x0000000061550000 JavaThread "Unconstrained build operations Thread 37" [_thread_blocked, id=7764, stack(0x0000000069c60000,0x0000000069d60000)]
  0x000000006154f000 JavaThread "Unconstrained build operations Thread 36" [_thread_new, id=3128, stack(0x0000000000000000,0x0000000000000000)]
  0x000000006154e800 JavaThread "Unconstrained build operations Thread 35" [_thread_blocked, id=7424, stack(0x0000000069860000,0x0000000069960000)]
  0x000000006154d800 JavaThread "Unconstrained build operations Thread 34" [_thread_blocked, id=3448, stack(0x0000000069670000,0x0000000069770000)]
  0x000000006154d000 JavaThread "Unconstrained build operations Thread 33" [_thread_blocked, id=7408, stack(0x0000000069480000,0x0000000069580000)]
  0x000000006154c000 JavaThread "Unconstrained build operations Thread 32" [_thread_new, id=8188, stack(0x0000000000000000,0x0000000000000000)]
  0x000000006154b800 JavaThread "Unconstrained build operations Thread 31" [_thread_blocked, id=8068, stack(0x00000000692d0000,0x00000000693d0000)]
  0x000000006154a800 JavaThread "Unconstrained build operations Thread 30" [_thread_blocked, id=7704, stack(0x0000000069130000,0x0000000069230000)]
  0x000000006154a000 JavaThread "Unconstrained build operations Thread 29" [_thread_blocked, id=7092, stack(0x0000000069020000,0x0000000069120000)]
  0x0000000061549000 JavaThread "Unconstrained build operations Thread 28" [_thread_new, id=4608, stack(0x0000000000000000,0x0000000000000000)]
  0x000000005fc39800 JavaThread "Unconstrained build operations Thread 27" [_thread_blocked, id=5136, stack(0x00000000663c0000,0x00000000664c0000)]
  0x000000005fc38800 JavaThread "Unconstrained build operations Thread 26" [_thread_blocked, id=4564, stack(0x0000000067790000,0x0000000067890000)]
  0x000000005fc38000 JavaThread "Unconstrained build operations Thread 25" [_thread_blocked, id=7488, stack(0x0000000068c80000,0x0000000068d80000)]
  0x000000005fc37000 JavaThread "Unconstrained build operations Thread 24" [_thread_new, id=6712, stack(0x0000000000000000,0x0000000000000000)]
  0x000000005fc36000 JavaThread "Unconstrained build operations Thread 23" [_thread_blocked, id=5516, stack(0x00000000679f0000,0x0000000067af0000)]
  0x000000005fc35800 JavaThread "Unconstrained build operations Thread 22" [_thread_blocked, id=6672, stack(0x0000000068b60000,0x0000000068c60000)]
  0x000000005fc34800 JavaThread "Unconstrained build operations Thread 21" [_thread_blocked, id=7460, stack(0x0000000066e30000,0x0000000066f30000)]
  0x000000005fc34000 JavaThread "Unconstrained build operations Thread 20" [_thread_new, id=4500, stack(0x0000000000000000,0x0000000000000000)]
  0x000000005fc33000 JavaThread "Unconstrained build operations Thread 19" [_thread_blocked, id=8044, stack(0x0000000066f30000,0x0000000067030000)]
  0x000000005fc32800 JavaThread "Unconstrained build operations Thread 18" [_thread_blocked, id=1976, stack(0x0000000066a00000,0x0000000066b00000)]
  0x000000005eb6a000 JavaThread "Unconstrained build operations Thread 17" [_thread_blocked, id=7708, stack(0x0000000066d20000,0x0000000066e20000)]
  0x000000005eb69000 JavaThread "Unconstrained build operations Thread 16" [_thread_new, id=8036, stack(0x0000000000000000,0x0000000000000000)]
  0x000000005eb68800 JavaThread "Unconstrained build operations Thread 15" [_thread_blocked, id=3940, stack(0x00000000667f0000,0x00000000668f0000)]
  0x000000005eb67800 JavaThread "Unconstrained build operations Thread 14" [_thread_blocked, id=7556, stack(0x00000000668f0000,0x00000000669f0000)]
  0x000000005eb67000 JavaThread "Unconstrained build operations Thread 13" [_thread_blocked, id=5508, stack(0x0000000066670000,0x0000000066770000)]
  0x000000005eb66000 JavaThread "Unconstrained build operations Thread 12" [_thread_new, id=7504, stack(0x0000000000000000,0x0000000000000000)]
  0x000000005eb65800 JavaThread "Unconstrained build operations Thread 11" [_thread_blocked, id=5464, stack(0x00000000662c0000,0x00000000663c0000)]
  0x000000005eb64800 JavaThread "Unconstrained build operations Thread 10" [_thread_blocked, id=3660, stack(0x00000000660d0000,0x00000000661d0000)]
  0x000000005eb64000 JavaThread "Unconstrained build operations Thread 9" [_thread_blocked, id=2068, stack(0x0000000065ee0000,0x0000000065fe0000)]
  0x000000005eb63000 JavaThread "Unconstrained build operations Thread 8" [_thread_new, id=1076, stack(0x0000000000000000,0x0000000000000000)]
  0x000000005a823800 JavaThread "Unconstrained build operations Thread 7" [_thread_blocked, id=2000, stack(0x0000000065bc0000,0x0000000065cc0000)]
  0x000000005a824800 JavaThread "Unconstrained build operations Thread 6" [_thread_blocked, id=4152, stack(0x0000000063e70000,0x0000000063f70000)]
  0x000000005a821800 JavaThread "Unconstrained build operations Thread 5" [_thread_blocked, id=6252, stack(0x0000000062d90000,0x0000000062e90000)]
  0x000000005a823000 JavaThread "Unconstrained build operations Thread 4" [_thread_new, id=2036, stack(0x0000000000000000,0x0000000000000000)]
  0x000000005a826800 JavaThread "Unconstrained build operations Thread 3" [_thread_blocked, id=7996, stack(0x00000000657e0000,0x00000000658e0000)]
  0x000000005a820000 JavaThread "Unconstrained build operations Thread 2" [_thread_blocked, id=6408, stack(0x0000000065650000,0x0000000065750000)]
  0x000000005a825000 JavaThread "Unconstrained build operations" [_thread_blocked, id=2444, stack(0x0000000063ad0000,0x0000000063bd0000)]
  0x000000005a826000 JavaThread "Cache worker for Build Output Cleanup Cache (C:\Users\Abbos\AndroidStudioProjects\FirebaseSmsChatWithMvvm\.gradle\buildOutputCleanup)" [_thread_blocked, id=7404, stack(0x0000000065510000,0x0000000065610000)]
  0x000000005a822000 JavaThread "Cache worker for dependencies-accessors (C:\Users\Abbos\AndroidStudioProjects\FirebaseSmsChatWithMvvm\.gradle\7.3.3\dependencies-accessors)" [_thread_blocked, id=7252, stack(0x0000000064350000,0x0000000064450000)]
  0x000000005aee5000 JavaThread "Cache worker for cache directory md-rule (C:\Users\Abbos\.gradle\caches\7.3.3\md-rule)" [_thread_blocked, id=7656, stack(0x0000000064240000,0x0000000064340000)]
  0x000000005aee1000 JavaThread "Cache worker for cache directory md-supplier (C:\Users\Abbos\.gradle\caches\7.3.3\md-supplier)" [_thread_blocked, id=7808, stack(0x0000000062830000,0x0000000062930000)]
  0x000000005aee5800 JavaThread "Cache worker for checksums cache (C:\Users\Abbos\AndroidStudioProjects\FirebaseSmsChatWithMvvm\.gradle\7.3.3\checksums)" [_thread_blocked, id=8000, stack(0x0000000062640000,0x0000000062740000)]
  0x000000005aee6800 JavaThread "Cache worker for file hash cache (C:\Users\Abbos\AndroidStudioProjects\FirebaseSmsChatWithMvvm\.gradle\7.3.3\fileHashes)" [_thread_blocked, id=7444, stack(0x000000005c430000,0x000000005c530000)]
  0x000000005aee9800 JavaThread "Daemon client event forwarder" [_thread_blocked, id=7468, stack(0x0000000062220000,0x0000000062320000)]
  0x000000005aeea000 JavaThread "Stdin handler" [_thread_blocked, id=3628, stack(0x0000000062110000,0x0000000062210000)]
  0x000000005aeeb800 JavaThread "Asynchronous log dispatcher for DefaultDaemonConnection: socket connection from /127.0.0.1:2618 to /127.0.0.1:4321" [_thread_blocked, id=6152, stack(0x00000000616e0000,0x00000000617e0000)]
  0x000000005aeec800 JavaThread "Cancel handler" [_thread_blocked, id=2028, stack(0x000000005c2f0000,0x000000005c3f0000)]
  0x000000005aeeb000 JavaThread "Handler for socket connection from /127.0.0.1:2618 to /127.0.0.1:4321" [_thread_in_native, id=5724, stack(0x000000005c150000,0x000000005c250000)]
  0x000000005aeed800 JavaThread "Daemon worker Thread 7" [_thread_blocked, id=4464, stack(0x000000005bc60000,0x000000005bd60000)]
  0x000000005aeee000 JavaThread "Daemon Thread 7" [_thread_blocked, id=4480, stack(0x000000005bd70000,0x000000005be70000)]
  0x000000005aee8000 JavaThread "Cache worker for file content cache (C:\Users\Abbos\.gradle\caches\7.3.3\fileContent)" [_thread_blocked, id=1896, stack(0x0000000062c90000,0x0000000062d90000)]
  0x000000005aee7000 JavaThread "Cache worker for execution history cache (C:\Users\Abbos\.gradle\caches\7.3.3\executionHistory)" [_thread_blocked, id=3388, stack(0x0000000062990000,0x0000000062a90000)]
  0x000000005aee4000 JavaThread "jar transforms Thread 4" [_thread_blocked, id=6456, stack(0x0000000060590000,0x0000000060690000)]
  0x000000005aee3800 JavaThread "jar transforms Thread 3" [_thread_blocked, id=2060, stack(0x0000000061fd0000,0x00000000620d0000)]
  0x000000005aee2800 JavaThread "jar transforms Thread 2" [_thread_blocked, id=2856, stack(0x0000000061ea0000,0x0000000061fa0000)]
  0x000000005aee2000 JavaThread "jar transforms" [_thread_blocked, id=5288, stack(0x0000000061c20000,0x0000000061d20000)]
  0x000000005aee0800 JavaThread "Cache worker for file hash cache (C:\Users\Abbos\.gradle\caches\7.3.3\fileHashes)" [_thread_blocked, id=728, stack(0x0000000060030000,0x0000000060130000)]
  0x000000005aedf800 JavaThread "File lock request listener" [_thread_in_native, id=4136, stack(0x0000000061d30000,0x0000000061e30000)]
  0x000000005aedf000 JavaThread "Cache worker for journal cache (C:\Users\Abbos\.gradle\caches\journal-1)" [_thread_blocked, id=1592, stack(0x0000000061b10000,0x0000000061c10000)]
  0x0000000058ff0000 JavaThread "Daemon periodic checks" [_thread_blocked, id=5580, stack(0x000000005b950000,0x000000005ba50000)]
  0x0000000058fef000 JavaThread "Incoming local TCP Connector on port 2618" [_thread_in_native, id=3444, stack(0x000000005b800000,0x000000005b900000)]
  0x000000005b3fa800 JavaThread "Daemon health stats" [_thread_blocked, id=2724, stack(0x0000000059b60000,0x0000000059c60000)]
  0x0000000058e8d000 JavaThread "Service Thread" daemon [_thread_blocked, id=5840, stack(0x0000000059790000,0x0000000059890000)]
  0x0000000058e8c000 JavaThread "C1 CompilerThread2" daemon [_thread_blocked, id=3256, stack(0x0000000058770000,0x0000000058870000)]
=>0x0000000058e3a000 JavaThread "C2 CompilerThread1" daemon [_thread_in_vm, id=1244, stack(0x0000000059550000,0x0000000059650000)]
  0x0000000058e32800 JavaThread "C2 CompilerThread0" daemon [_thread_blocked, id=6976, stack(0x00000000592a0000,0x00000000593a0000)]
  0x000000005777e800 JavaThread "Attach Listener" daemon [_thread_blocked, id=3648, stack(0x00000000593a0000,0x00000000594a0000)]
  0x000000005777a800 JavaThread "Signal Dispatcher" daemon [_thread_blocked, id=5248, stack(0x0000000058d30000,0x0000000058e30000)]
  0x0000000057759000 JavaThread "Finalizer" daemon [_thread_blocked, id=6060, stack(0x0000000058bd0000,0x0000000058cd0000)]
  0x0000000057711800 JavaThread "Reference Handler" daemon [_thread_blocked, id=2004, stack(0x0000000058a90000,0x0000000058b90000)]
  0x000000000219d800 JavaThread "main" [_thread_blocked, id=1860, stack(0x0000000002470000,0x0000000002570000)]

Other Threads:
  0x000000005770a000 VMThread [stack: 0x00000000588e0000,0x00000000589e0000] [id=6436]
  0x0000000058e9c000 WatcherThread [stack: 0x0000000059970000,0x0000000059a70000] [id=5512]

VM state:not at safepoint (normal execution)

VM Mutex/Monitor currently owned by a thread:  ([mutex/lock_event])
[0x000000000219c980] Compile_lock - owner thread: 0x0000000058e3a000

Heap:
 PSYoungGen      total 323072K, used 320285K [0x00000000d5580000, 0x00000000eab00000, 0x0000000100000000)
  eden space 308736K, 99% used [0x00000000d5580000,0x00000000e8050dd8,0x00000000e8300000)
  from space 14336K, 99% used [0x00000000e9d00000,0x00000000eaaf6930,0x00000000eab00000)
  to   space 20480K, 0% used [0x00000000e8300000,0x00000000e8300000,0x00000000e9700000)
 ParOldGen       total 109568K, used 21516K [0x0000000080000000, 0x0000000086b00000, 0x00000000d5580000)
  object space 109568K, 19% used [0x0000000080000000,0x00000000815030c8,0x0000000086b00000)
 Metaspace       used 51000K, capacity 55004K, committed 55168K, reserved 1097728K
  class space    used 6837K, capacity 7533K, committed 7552K, reserved 1048576K

Card table byte_map: [0x0000000011c00000,0x0000000012010000] byte_map_base: 0x0000000011800000

Marking Bits: (ParMarkBitMap*) 0x000000005cf92f70
 Begin Bits: [0x0000000012980000, 0x0000000014980000)
 End Bits:   [0x0000000014980000, 0x0000000016980000)

Polling page: 0x0000000000330000

CodeCache: size=245760Kb used=31167Kb max_used=31180Kb free=214592Kb
 bounds [0x0000000002840000, 0x00000000046e0000, 0x0000000011840000]
 total_blobs=10157 nmethods=9407 adapters=662
 compilation: enabled

Compilation events (10 events):
Event: 898.278 Thread 0x0000000058e8c000 nmethod 11541 0x00000000046354d0 code [0x0000000004635700, 0x00000000046362f8]
Event: 898.346 Thread 0x0000000058e32800 11543       4       org.gradle.internal.component.model.AttributeMatchingExplanationBuilder$$Lambda$344/1597000418::canSkipExplanation (4 bytes)
Event: 898.346 Thread 0x0000000058e32800 nmethod 11543 0x0000000003b17350 code [0x0000000003b17480, 0x0000000003b174d8]
Event: 898.346 Thread 0x0000000058e32800 11544       4       org.gradle.internal.component.model.ComponentAttributeMatcher$CachedQuery::of (79 bytes)
Event: 898.364 Thread 0x0000000058e3a000 nmethod 11538 0x00000000046d7790 code [0x00000000046d7a00, 0x00000000046d9758]
Event: 898.378 Thread 0x0000000058e32800 nmethod 11544 0x00000000046db350 code [0x00000000046db560, 0x00000000046dc208]
Event: 898.378 Thread 0x0000000058e32800 11545       4       org.gradle.internal.component.model.ComponentAttributeMatcher$CachedQuery::computeHashCode (65 bytes)
Event: 898.385 Thread 0x0000000058e32800 nmethod 11545 0x0000000004633850 code [0x00000000046339c0, 0x0000000004633cf8]
Event: 898.391 Thread 0x0000000058e3a000 11547       4       org.gradle.internal.component.model.ComponentAttributeMatcher::match (259 bytes)
Event: 898.398 Thread 0x0000000058e32800 11546       4       org.gradle.internal.component.model.ComponentAttributeMatcher$CachedQuery::equals (88 bytes)

GC Heap History (10 events):
Event: 66.572 GC heap before
{Heap before GC invocations=14 (full 2):
 PSYoungGen      total 235008K, used 229722K [0x00000000d5580000, 0x00000000e7780000, 0x0000000100000000)
  eden space 216576K, 100% used [0x00000000d5580000,0x00000000e2900000,0x00000000e2900000)
  from space 18432K, 71% used [0x00000000e2900000,0x00000000e35d6930,0x00000000e3b00000)
  to   space 18944K, 0% used [0x00000000e6500000,0x00000000e6500000,0x00000000e7780000)
 ParOldGen       total 109568K, used 21468K [0x0000000080000000, 0x0000000086b00000, 0x00000000d5580000)
  object space 109568K, 19% used [0x0000000080000000,0x00000000814f70c8,0x0000000086b00000)
 Metaspace       used 49964K, capacity 53946K, committed 54144K, reserved 1095680K
  class space    used 6819K, capacity 7525K, committed 7552K, reserved 1048576K
Event: 66.598 GC heap after
Heap after GC invocations=14 (full 2):
 PSYoungGen      total 266240K, used 14378K [0x00000000d5580000, 0x00000000e7380000, 0x0000000100000000)
  eden space 251392K, 0% used [0x00000000d5580000,0x00000000d5580000,0x00000000e4b00000)
  from space 14848K, 96% used [0x00000000e6500000,0x00000000e730a940,0x00000000e7380000)
  to   space 19968K, 0% used [0x00000000e4c80000,0x00000000e4c80000,0x00000000e6000000)
 ParOldGen       total 109568K, used 21476K [0x0000000080000000, 0x0000000086b00000, 0x00000000d5580000)
  object space 109568K, 19% used [0x0000000080000000,0x00000000814f90c8,0x0000000086b00000)
 Metaspace       used 49964K, capacity 53946K, committed 54144K, reserved 1095680K
  class space    used 6819K, capacity 7525K, committed 7552K, reserved 1048576K
}
Event: 76.430 GC heap before
{Heap before GC invocations=15 (full 2):
 PSYoungGen      total 266240K, used 265770K [0x00000000d5580000, 0x00000000e7380000, 0x0000000100000000)
  eden space 251392K, 100% used [0x00000000d5580000,0x00000000e4b00000,0x00000000e4b00000)
  from space 14848K, 96% used [0x00000000e6500000,0x00000000e730a940,0x00000000e7380000)
  to   space 19968K, 0% used [0x00000000e4c80000,0x00000000e4c80000,0x00000000e6000000)
 ParOldGen       total 109568K, used 21476K [0x0000000080000000, 0x0000000086b00000, 0x00000000d5580000)
  object space 109568K, 19% used [0x0000000080000000,0x00000000814f90c8,0x0000000086b00000)
 Metaspace       used 50275K, capacity 54228K, committed 54400K, reserved 1095680K
  class space    used 6820K, capacity 7526K, committed 7552K, reserved 1048576K
Event: 76.502 GC heap after
Heap after GC invocations=15 (full 2):
 PSYoungGen      total 272896K, used 14314K [0x00000000d5580000, 0x00000000e9500000, 0x0000000100000000)
  eden space 252928K, 0% used [0x00000000d5580000,0x00000000d5580000,0x00000000e4c80000)
  from space 19968K, 71% used [0x00000000e4c80000,0x00000000e5a7a920,0x00000000e6000000)
  to   space 20480K, 0% used [0x00000000e8100000,0x00000000e8100000,0x00000000e9500000)
 ParOldGen       total 109568K, used 21484K [0x0000000080000000, 0x0000000086b00000, 0x00000000d5580000)
  object space 109568K, 19% used [0x0000000080000000,0x00000000814fb0c8,0x0000000086b00000)
 Metaspace       used 50275K, capacity 54228K, committed 54400K, reserved 1095680K
  class space    used 6820K, capacity 7526K, committed 7552K, reserved 1048576K
}
Event: 119.756 GC heap before
{Heap before GC invocations=16 (full 2):
 PSYoungGen      total 272896K, used 267242K [0x00000000d5580000, 0x00000000e9500000, 0x0000000100000000)
  eden space 252928K, 100% used [0x00000000d5580000,0x00000000e4c80000,0x00000000e4c80000)
  from space 19968K, 71% used [0x00000000e4c80000,0x00000000e5a7a920,0x00000000e6000000)
  to   space 20480K, 0% used [0x00000000e8100000,0x00000000e8100000,0x00000000e9500000)
 ParOldGen       total 109568K, used 21484K [0x0000000080000000, 0x0000000086b00000, 0x00000000d5580000)
  object space 109568K, 19% used [0x0000000080000000,0x00000000814fb0c8,0x0000000086b00000)
 Metaspace       used 50538K, capacity 54564K, committed 54656K, reserved 1095680K
  class space    used 6825K, capacity 7528K, committed 7552K, reserved 1048576K
Event: 120.055 GC heap after
Heap after GC invocations=16 (full 2):
 PSYoungGen      total 299520K, used 10842K [0x00000000d5580000, 0x00000000e9080000, 0x0000000100000000)
  eden space 283648K, 0% used [0x00000000d5580000,0x00000000d5580000,0x00000000e6a80000)
  from space 15872K, 68% used [0x00000000e8100000,0x00000000e8b96930,0x00000000e9080000)
  to   space 19456K, 0% used [0x00000000e6a80000,0x00000000e6a80000,0x00000000e7d80000)
 ParOldGen       total 109568K, used 21492K [0x0000000080000000, 0x0000000086b00000, 0x00000000d5580000)
  object space 109568K, 19% used [0x0000000080000000,0x00000000814fd0c8,0x0000000086b00000)
 Metaspace       used 50538K, capacity 54564K, committed 54656K, reserved 1095680K
  class space    used 6825K, capacity 7528K, committed 7552K, reserved 1048576K
}
Event: 664.990 GC heap before
{Heap before GC invocations=17 (full 2):
 PSYoungGen      total 299520K, used 294490K [0x00000000d5580000, 0x00000000e9080000, 0x0000000100000000)
  eden space 283648K, 100% used [0x00000000d5580000,0x00000000e6a80000,0x00000000e6a80000)
  from space 15872K, 68% used [0x00000000e8100000,0x00000000e8b96930,0x00000000e9080000)
  to   space 19456K, 0% used [0x00000000e6a80000,0x00000000e6a80000,0x00000000e7d80000)
 ParOldGen       total 109568K, used 21492K [0x0000000080000000, 0x0000000086b00000, 0x00000000d5580000)
  object space 109568K, 19% used [0x0000000080000000,0x00000000814fd0c8,0x0000000086b00000)
 Metaspace       used 50734K, capacity 54768K, committed 54912K, reserved 1097728K
  class space    used 6828K, capacity 7528K, committed 7552K, reserved 1048576K
Event: 671.140 GC heap after
Heap after GC invocations=17 (full 2):
 PSYoungGen      total 303104K, used 14410K [0x00000000d5580000, 0x00000000eb080000, 0x0000000100000000)
  eden space 283648K, 0% used [0x00000000d5580000,0x00000000d5580000,0x00000000e6a80000)
  from space 19456K, 74% used [0x00000000e6a80000,0x00000000e7892920,0x00000000e7d80000)
  to   space 19968K, 0% used [0x00000000e9d00000,0x00000000e9d00000,0x00000000eb080000)
 ParOldGen       total 109568K, used 21508K [0x0000000080000000, 0x0000000086b00000, 0x00000000d5580000)
  object space 109568K, 19% used [0x0000000080000000,0x00000000815010c8,0x0000000086b00000)
 Metaspace       used 50734K, capacity 54768K, committed 54912K, reserved 1097728K
  class space    used 6828K, capacity 7528K, committed 7552K, reserved 1048576K
}
Event: 869.623 GC heap before
{Heap before GC invocations=18 (full 2):
 PSYoungGen      total 303104K, used 298058K [0x00000000d5580000, 0x00000000eb080000, 0x0000000100000000)
  eden space 283648K, 100% used [0x00000000d5580000,0x00000000e6a80000,0x00000000e6a80000)
  from space 19456K, 74% used [0x00000000e6a80000,0x00000000e7892920,0x00000000e7d80000)
  to   space 19968K, 0% used [0x00000000e9d00000,0x00000000e9d00000,0x00000000eb080000)
 ParOldGen       total 109568K, used 21508K [0x0000000080000000, 0x0000000086b00000, 0x00000000d5580000)
  object space 109568K, 19% used [0x0000000080000000,0x00000000815010c8,0x0000000086b00000)
 Metaspace       used 50892K, capacity 54864K, committed 54912K, reserved 1097728K
  class space    used 6835K, capacity 7533K, committed 7552K, reserved 1048576K
Event: 869.663 GC heap after
Heap after GC invocations=18 (full 2):
 PSYoungGen      total 323072K, used 14298K [0x00000000d5580000, 0x00000000eab00000, 0x0000000100000000)
  eden space 308736K, 0% used [0x00000000d5580000,0x00000000d5580000,0x00000000e8300000)
  from space 14336K, 99% used [0x00000000e9d00000,0x00000000eaaf6930,0x00000000eab00000)
  to   space 20480K, 0% used [0x00000000e8300000,0x00000000e8300000,0x00000000e9700000)
 ParOldGen       total 109568K, used 21516K [0x0000000080000000, 0x0000000086b00000, 0x00000000d5580000)
  object space 109568K, 19% used [0x0000000080000000,0x00000000815030c8,0x0000000086b00000)
 Metaspace       used 50892K, capacity 54864K, committed 54912K, reserved 1097728K
  class space    used 6835K, capacity 7533K, committed 7552K, reserved 1048576K
}

Deoptimization events (10 events):
Event: 274.272 Thread 0x0000000058fef000 Uncommon trap: reason=unstable_if action=reinterpret pc=0x0000000003fa4454 method=java.util.concurrent.ThreadPoolExecutor.addWorker(Ljava/lang/Runnable;Z)Z @ 220
Event: 298.941 Thread 0x0000000058ff0000 Uncommon trap: reason=unstable_if action=reinterpret pc=0x0000000002f22ddc method=java.io.DataInputStream.readUTF(Ljava/io/DataInput;)Ljava/lang/String; @ 31
Event: 578.120 Thread 0x000000005aee2000 Uncommon trap: reason=unstable_if action=reinterpret pc=0x00000000034ffee4 method=java.util.concurrent.locks.AbstractQueuedSynchronizer.enq(Ljava/util/concurrent/locks/AbstractQueuedSynchronizer$Node;)Ljava/util/concurrent/locks/AbstractQueuedSynchronizer$
Event: 861.912 Thread 0x000000005aeed800 Uncommon trap: reason=class_check action=maybe_recompile pc=0x00000000039a71f0 method=org.gradle.internal.classpath.DefaultCachedClasspathTransformer$$Lambda$79/249205885.apply(Ljava/lang/Object;)Ljava/lang/Object; @ 1
Event: 862.250 Thread 0x000000005aeed800 Uncommon trap: reason=unstable_if action=reinterpret pc=0x0000000002b55dbc method=java.lang.reflect.Method.copy()Ljava/lang/reflect/Method; @ 4
Event: 862.413 Thread 0x000000005aeed800 Uncommon trap: reason=unloaded action=reinterpret pc=0x000000000363e16c method=org.gradle.internal.instantiation.generator.DependencyInjectingInstantiator.doCreate(Ljava/lang/Class;Lorg/gradle/api/Describable;[Ljava/lang/Object;)Ljava/lang/Object; @ 53
Event: 864.556 Thread 0x000000005aeeb000 Uncommon trap: reason=unstable_if action=reinterpret pc=0x0000000003cb9300 method=com.esotericsoftware.kryo.io.Input.readBytes([BII)V @ 61
Event: 868.620 Thread 0x000000005aeed800 Uncommon trap: reason=predicate action=maybe_recompile pc=0x00000000039f8cf0 method=org.gradle.api.internal.artifacts.ivyservice.ivyresolve.strategy.StaticVersionComparator.compare(Lorg/gradle/api/internal/artifacts/ivyservice/ivyresolve/strategy/Version;L3ƒ¾«‹@
Event: 885.468 Thread 0x000000005a826800 Uncommon trap: reason=unstable_if action=reinterpret pc=0x00000000036154c8 method=java.util.concurrent.locks.AbstractQueuedSynchronizer.enq(Ljava/util/concurrent/locks/AbstractQueuedSynchronizer$Node;)Ljava/util/concurrent/locks/AbstractQueuedSynchronizer$3êk‡Œ@
Event: 896.566 Thread 0x000000005aee2800 Uncommon trap: reason=unstable_if action=reinterpret pc=0x00000000040619c4 method=java.util.concurrent.ConcurrentLinkedQueue.poll()Ljava/lang/Object; @ 74

Internal exceptions (10 events):
Event: 36.706 Thread 0x000000005901a000 Implicit null exception at 0x000000000342c8a7 to 0x000000000342cd4d
Event: 53.895 Thread 0x000000005aeec800 Exception <a 'java/lang/NoSuchMethodError': <clinit>> (0x00000000dba1ed68) thrown at [C:\re\workspace\8-2-build-windows-amd64-cygwin\jdk8u91\7017\hotspot\src\share\vm\prims\jni.cpp, line 1613]
Event: 53.897 Thread 0x000000005aeec800 Exception <a 'java/lang/NoSuchMethodError': <clinit>> (0x00000000dba27270) thrown at [C:\re\workspace\8-2-build-windows-amd64-cygwin\jdk8u91\7017\hotspot\src\share\vm\prims\jni.cpp, line 1613]
Event: 56.531 Thread 0x000000005901a000 Implicit null exception at 0x0000000003d0f4fc to 0x0000000003d0f53d
Event: 60.160 Thread 0x000000005901a000 Implicit null exception at 0x0000000003e69434 to 0x0000000003e69da5
Event: 60.165 Thread 0x000000005901a000 Exception <a 'java/lang/ClassNotFoundException': build_bm1wy4ryzslpld2262cv0rc6sBeanInfo> (0x00000000ddafe648) thrown at [C:\re\workspace\8-2-build-windows-amd64-cygwin\jdk8u91\7017\hotspot\src\share\vm\classfile\systemDictionary.cpp, line 210]
Event: 60.165 Thread 0x000000005901a000 Exception <a 'java/lang/ClassNotFoundException': build_bm1wy4ryzslpld2262cv0rc6sCustomizer> (0x00000000ddb0df30) thrown at [C:\re\workspace\8-2-build-windows-amd64-cygwin\jdk8u91\7017\hotspot\src\share\vm\classfile\systemDictionary.cpp, line 210]
Event: 181.850 Thread 0x000000005901a000 Implicit null exception at 0x00000000041eedbc to 0x00000000041ef055
Event: 181.994 Thread 0x0000000058ffb000 Implicit null exception at 0x00000000041eedbc to 0x00000000041ef055
Event: 201.203 Thread 0x000000005aeec800 Implicit null exception at 0x00000000041eedbc to 0x00000000041ef055

Events (10 events):
Event: 898.213 Thread 0x000000005aee9800 Thread added: 0x000000005aee9800
Event: 898.214 Thread 0x0000000058e32800 flushing nmethod 0x0000000003d4b9d0
Event: 898.214 Thread 0x0000000058e32800 flushing nmethod 0x0000000003d5fa90
Event: 898.216 Thread 0x000000005aee6800 Thread added: 0x000000005aee6800
Event: 898.219 Thread 0x0000000058e8c000 flushing nmethod 0x0000000003ea75d0
Event: 898.235 Thread 0x000000005aee5800 Thread added: 0x000000005aee5800
Event: 898.238 Thread 0x000000005aee1000 Thread added: 0x000000005aee1000
Event: 898.240 Thread 0x000000005aee5000 Thread added: 0x000000005aee5000
Event: 898.255 Thread 0x000000005a822000 Thread added: 0x000000005a822000
Event: 898.290 Thread 0x000000005a826000 Thread added: 0x000000005a826000


Dynamic libraries:
0x000000013fa10000 - 0x000000013fa47000 	C:\Program Files\Java\jdk1.8.0_91\bin\java.exe
0x0000000076db0000 - 0x0000000076f5a000 	C:\Windows\SYSTEM32\ntdll.dll
0x0000000076c90000 - 0x0000000076daf000 	C:\Windows\system32\kernel32.dll
0x000007fefcde0000 - 0x000007fefce4a000 	C:\Windows\system32\KERNELBASE.dll
0x000007fefedb0000 - 0x000007fefee8b000 	C:\Windows\system32\ADVAPI32.dll
0x000007fefdc90000 - 0x000007fefdd2f000 	C:\Windows\system32\msvcrt.dll
0x000007fefd990000 - 0x000007fefd9af000 	C:\Windows\SYSTEM32\sechost.dll
0x000007fefd860000 - 0x000007fefd98d000 	C:\Windows\system32\RPCRT4.dll
0x0000000076b90000 - 0x0000000076c8a000 	C:\Windows\system32\USER32.dll
0x000007fefef80000 - 0x000007fefefe7000 	C:\Windows\system32\GDI32.dll
0x000007fefee90000 - 0x000007fefee9e000 	C:\Windows\system32\LPK.dll
0x000007fefeac0000 - 0x000007fefeb8a000 	C:\Windows\system32\USP10.dll
0x000007fefb0a0000 - 0x000007fefb294000 	C:\Windows\WinSxS\amd64_microsoft.windows.common-controls_6595b64144ccf1df_6.0.7601.18837_none_fa3b1e3d17594757\COMCTL32.dll
0x000007fefef00000 - 0x000007fefef71000 	C:\Windows\system32\SHLWAPI.dll
0x000007fefd830000 - 0x000007fefd85e000 	C:\Windows\system32\IMM32.DLL
0x000007fefce80000 - 0x000007fefcf89000 	C:\Windows\system32\MSCTF.dll
0x0000000071bc0000 - 0x0000000071c92000 	C:\Program Files\Java\jdk1.8.0_91\jre\bin\msvcr100.dll
0x000000005c780000 - 0x000000005d013000 	C:\Program Files\Java\jdk1.8.0_91\jre\bin\server\jvm.dll
0x000007fef7190000 - 0x000007fef7199000 	C:\Windows\system32\WSOCK32.dll
0x000007fefd510000 - 0x000007fefd55d000 	C:\Windows\system32\WS2_32.dll
0x000007fefce70000 - 0x000007fefce78000 	C:\Windows\system32\NSI.dll
0x000007fef99d0000 - 0x000007fef9a0b000 	C:\Windows\system32\WINMM.dll
0x000007fefbb80000 - 0x000007fefbb8c000 	C:\Windows\system32\VERSION.dll
0x0000000076f80000 - 0x0000000076f87000 	C:\Windows\system32\PSAPI.DLL
0x0000000072130000 - 0x000000007213f000 	C:\Program Files\Java\jdk1.8.0_91\jre\bin\verify.dll
0x0000000072100000 - 0x0000000072129000 	C:\Program Files\Java\jdk1.8.0_91\jre\bin\java.dll
0x00000000720e0000 - 0x00000000720f6000 	C:\Program Files\Java\jdk1.8.0_91\jre\bin\zip.dll
0x000007fefdd30000 - 0x000007fefeaba000 	C:\Windows\system32\SHELL32.dll
0x000007fefcf90000 - 0x000007fefd193000 	C:\Windows\system32\ole32.dll
0x000007fefcab0000 - 0x000007fefcabf000 	C:\Windows\system32\profapi.dll
0x00000000720c0000 - 0x00000000720da000 	C:\Program Files\Java\jdk1.8.0_91\jre\bin\net.dll
0x000007fefc250000 - 0x000007fefc2a5000 	C:\Windows\system32\mswsock.dll
0x000007fefc240000 - 0x000007fefc247000 	C:\Windows\System32\wship6.dll
0x00000000720a0000 - 0x00000000720b1000 	C:\Program Files\Java\jdk1.8.0_91\jre\bin\nio.dll
0x000007feef400000 - 0x000007feef427000 	C:\Users\Abbos\.gradle\native\e1d6ef7f7dcc3fd88c89a11ec53ec762bb8ba0a96d01ffa2cd45eb1d1d8dd5c5\windows-amd64\native-platform.dll
0x000007feef390000 - 0x000007feef393000 	C:\Windows\system32\api-ms-win-core-synch-l1-2-0.DLL
0x0000000072180000 - 0x000000007218d000 	C:\Program Files\Java\jdk1.8.0_91\jre\bin\management.dll
0x000007fefc2b0000 - 0x000007fefc2c8000 	C:\Windows\system32\CRYPTSP.dll
0x000007fefbfb0000 - 0x000007fefbff7000 	C:\Windows\system32\rsaenh.dll
0x000007fefce50000 - 0x000007fefce6e000 	C:\Windows\system32\USERENV.dll
0x000007fefc950000 - 0x000007fefc95f000 	C:\Windows\system32\CRYPTBASE.dll
0x000007fefa5a0000 - 0x000007fefa5c7000 	C:\Windows\system32\IPHLPAPI.DLL
0x000007fefa590000 - 0x000007fefa59b000 	C:\Windows\system32\WINNSI.DLL
0x000007fefa310000 - 0x000007fefa321000 	C:\Windows\system32\dhcpcsvc6.DLL
0x000007fefa290000 - 0x000007fefa2a8000 	C:\Windows\system32\dhcpcsvc.DLL
0x000007feedd40000 - 0x000007feede65000 	C:\Windows\system32\dbghelp.dll

VM Arguments:
jvm_args: -Xmx2048m -Dfile.encoding=UTF-8 -Duser.country=RU -Duser.language=ru -Duser.variant 
java_command: org.gradle.launcher.daemon.bootstrap.GradleDaemon 7.3.3
java_class_path (initial): C:\Users\Abbos\.gradle\wrapper\dists\gradle-7.3.3-bin\6a41zxkdtcxs8rphpq6y0069z\gradle-7.3.3\lib\gradle-launcher-7.3.3.jar
Launcher Type: SUN_STANDARD

Environment Variables:
JAVA_HOME=C:\Program Files\Java\jdk1.8.0_91
PATH=C:\ProgramData\Oracle\Java\javapath;C:\Windows\system32;C:\Windows;C:\Windows\System32\Wbem;C:\Windows\System32\WindowsPowerShell\v1.0\;C:\Program Files\Git\cmd
USERNAME=Abbos
OS=Windows_NT
PROCESSOR_IDENTIFIER=Intel64 Family 6 Model 42 Stepping 7, GenuineIntel



---------------  S Y S T E M  ---------------

OS: Windows 7 , 64 bit Build 7601 (6.1.7601.23569)

CPU:total 4 (2 cores per cpu, 2 threads per core) family 6 model 42 stepping 7, cmov, cx8, fxsr, mmx, sse, sse2, sse3, ssse3, sse4.1, sse4.2, popcnt, avx, clmul, ht, tsc, tscinvbit

Memory: 4k page, physical 8352640k(677848k free), swap 16703420k(7482736k free)

vm_info: Java HotSpot(TM) 64-Bit Server VM (25.91-b15) for windows-amd64 JRE (1.8.0_91-b15), built on May 20 2016 17:43:15 by "java_re" with MS VC++ 10.0 (VS2010)

time: Fri Dec 09 07:30:07 2022
elapsed time: 898 seconds (0d 0h 14m 58s)

